0 info it worked if it ends with ok
1 verbose cli [ 'C:\\Program Files\\nodejs\\\\node.exe',
1 verbose cli   'C:\\Program Files\\nodejs\\node_modules\\npm\\bin\\npm-cli.js',
1 verbose cli   'install' ]
2 info using npm@2.7.4
3 info using node@v0.12.2
4 verbose node symlink C:\Program Files\nodejs\\node.exe
5 verbose install where, deps [ 'C:\\Users\\Peggy\\Documents\\safety-dance\\safety-dance-project',
5 verbose install   [ 'angular',
5 verbose install     'angular-route',
5 verbose install     'bcrypt',
5 verbose install     'body-parser',
5 verbose install     'express',
5 verbose install     'jade',
5 verbose install     'mongoose',
5 verbose install     'node-sass',
5 verbose install     'passport',
5 verbose install     'passport-local',
5 verbose install     'sass',
5 verbose install     'superagent',
5 verbose install     'chai',
5 verbose install     'chai-http',
5 verbose install     'gulp',
5 verbose install     'gulp-exit',
5 verbose install     'gulp-jshint',
5 verbose install     'gulp-minify-css',
5 verbose install     'gulp-minify-html',
5 verbose install     'gulp-mocha',
5 verbose install     'gulp-sass',
5 verbose install     'gulp-uglify',
5 verbose install     'gulp-webpack',
5 verbose install     'jshint',
5 verbose install     'jshint-stylish',
5 verbose install     'jsonwebtoken',
5 verbose install     'mocha',
5 verbose install     'mocha-jshint',
5 verbose install     'node-libs-browser',
5 verbose install     'webpack' ] ]
6 verbose install where, peers [ 'C:\\Users\\Peggy\\Documents\\safety-dance\\safety-dance-project',
6 verbose install   [] ]
7 info preinstall safety-dance-project@0.0.1
8 warn package.json sass@0.5.0 No repository field.
9 verbose already installed skipping superagent@^1.2.0 C:\Users\Peggy\Documents\safety-dance\safety-dance-project
10 verbose already installed skipping chai@^3.2.0 C:\Users\Peggy\Documents\safety-dance\safety-dance-project
11 verbose already installed skipping chai-http@^1.0.0 C:\Users\Peggy\Documents\safety-dance\safety-dance-project
12 verbose already installed skipping gulp@^3.9.0 C:\Users\Peggy\Documents\safety-dance\safety-dance-project
13 verbose already installed skipping gulp-exit@0.0.2 C:\Users\Peggy\Documents\safety-dance\safety-dance-project
14 verbose already installed skipping gulp-jshint@^1.11.2 C:\Users\Peggy\Documents\safety-dance\safety-dance-project
15 verbose already installed skipping gulp-minify-css@^1.2.0 C:\Users\Peggy\Documents\safety-dance\safety-dance-project
16 verbose already installed skipping gulp-minify-html@^1.0.4 C:\Users\Peggy\Documents\safety-dance\safety-dance-project
17 verbose already installed skipping gulp-mocha@^2.1.3 C:\Users\Peggy\Documents\safety-dance\safety-dance-project
18 verbose already installed skipping gulp-sass@^2.0.4 C:\Users\Peggy\Documents\safety-dance\safety-dance-project
19 verbose already installed skipping gulp-uglify@^1.2.0 C:\Users\Peggy\Documents\safety-dance\safety-dance-project
20 verbose already installed skipping gulp-webpack@^1.5.0 C:\Users\Peggy\Documents\safety-dance\safety-dance-project
21 verbose already installed skipping jshint@^2.8.0 C:\Users\Peggy\Documents\safety-dance\safety-dance-project
22 verbose already installed skipping jshint-stylish@^2.0.1 C:\Users\Peggy\Documents\safety-dance\safety-dance-project
23 verbose already installed skipping jsonwebtoken@^5.0.4 C:\Users\Peggy\Documents\safety-dance\safety-dance-project
24 verbose already installed skipping mocha@^2.2.5 C:\Users\Peggy\Documents\safety-dance\safety-dance-project
25 verbose already installed skipping mocha-jshint@^2.2.3 C:\Users\Peggy\Documents\safety-dance\safety-dance-project
26 verbose already installed skipping node-libs-browser@^0.5.2 C:\Users\Peggy\Documents\safety-dance\safety-dance-project
27 verbose already installed skipping webpack@^1.10.5 C:\Users\Peggy\Documents\safety-dance\safety-dance-project
28 verbose already installed skipping angular@^1.4.3 C:\Users\Peggy\Documents\safety-dance\safety-dance-project
29 verbose already installed skipping angular-route@^1.4.3 C:\Users\Peggy\Documents\safety-dance\safety-dance-project
30 silly cache add args [ 'bcrypt@^0.8.4', null ]
31 verbose cache add spec bcrypt@^0.8.4
32 silly cache add parsed spec { raw: 'bcrypt@^0.8.4',
32 silly cache add   scope: null,
32 silly cache add   name: 'bcrypt',
32 silly cache add   rawSpec: '^0.8.4',
32 silly cache add   spec: '>=0.8.4 <0.9.0',
32 silly cache add   type: 'range' }
33 verbose addNamed bcrypt@>=0.8.4 <0.9.0
34 silly addNamed semver.valid null
35 silly addNamed semver.validRange >=0.8.4 <0.9.0
36 silly addNameRange { name: 'bcrypt', range: '>=0.8.4 <0.9.0', hasData: false }
37 silly mapToRegistry name bcrypt
38 silly mapToRegistry using default registry
39 silly mapToRegistry registry https://registry.npmjs.org/
40 silly mapToRegistry uri https://registry.npmjs.org/bcrypt
41 verbose addNameRange registry:https://registry.npmjs.org/bcrypt not in flight; fetching
42 verbose already installed skipping body-parser@^1.13.2 C:\Users\Peggy\Documents\safety-dance\safety-dance-project
43 verbose already installed skipping express@^4.13.1 C:\Users\Peggy\Documents\safety-dance\safety-dance-project
44 verbose already installed skipping jade@^1.11.0 C:\Users\Peggy\Documents\safety-dance\safety-dance-project
45 verbose already installed skipping mongoose@^4.1.0 C:\Users\Peggy\Documents\safety-dance\safety-dance-project
46 verbose already installed skipping node-sass@^3.2.0 C:\Users\Peggy\Documents\safety-dance\safety-dance-project
47 verbose request uri https://registry.npmjs.org/bcrypt
48 verbose request no auth needed
49 info attempt registry request try #1 at 4:32:00 PM
50 verbose request id 7885094d29c4bd66
51 verbose etag "ENBJ1NL03SX71NNGKJI740HX4"
52 http request GET https://registry.npmjs.org/bcrypt
53 verbose already installed skipping passport@^0.2.2 C:\Users\Peggy\Documents\safety-dance\safety-dance-project
54 verbose already installed skipping passport-local@^1.0.0 C:\Users\Peggy\Documents\safety-dance\safety-dance-project
55 verbose already installed skipping sass@^0.5.0 C:\Users\Peggy\Documents\safety-dance\safety-dance-project
56 http 304 https://registry.npmjs.org/bcrypt
57 silly get cb [ 304,
57 silly get   { date: 'Thu, 30 Jul 2015 23:32:09 GMT',
57 silly get     via: '1.1 varnish',
57 silly get     'cache-control': 'max-age=60',
57 silly get     etag: '"ENBJ1NL03SX71NNGKJI740HX4"',
57 silly get     age: '0',
57 silly get     connection: 'keep-alive',
57 silly get     'x-served-by': 'cache-sjc3128-SJC',
57 silly get     'x-cache': 'HIT',
57 silly get     'x-cache-hits': '1',
57 silly get     'x-timer': 'S1438299129.449476,VS0,VE159',
57 silly get     vary: 'Accept' } ]
58 verbose etag https://registry.npmjs.org/bcrypt from cache
59 verbose get saving bcrypt to C:\Users\Peggy\AppData\Roaming\npm-cache\registry.npmjs.org\bcrypt\.cache.json
60 silly addNameRange number 2 { name: 'bcrypt', range: '>=0.8.4 <0.9.0', hasData: true }
61 silly addNameRange versions [ 'bcrypt',
61 silly addNameRange   [ '0.1.2',
61 silly addNameRange     '0.2.0',
61 silly addNameRange     '0.2.1',
61 silly addNameRange     '0.1.3',
61 silly addNameRange     '0.2.2',
61 silly addNameRange     '0.2.3',
61 silly addNameRange     '0.2.4',
61 silly addNameRange     '0.3.0',
61 silly addNameRange     '0.3.1',
61 silly addNameRange     '0.3.2',
61 silly addNameRange     '0.4.0',
61 silly addNameRange     '0.4.1',
61 silly addNameRange     '0.5.0',
61 silly addNameRange     '0.6.0',
61 silly addNameRange     '0.7.0',
61 silly addNameRange     '0.7.1',
61 silly addNameRange     '0.7.2',
61 silly addNameRange     '0.7.3',
61 silly addNameRange     '0.7.4',
61 silly addNameRange     '0.7.5',
61 silly addNameRange     '0.7.6',
61 silly addNameRange     '0.7.7',
61 silly addNameRange     '0.7.8',
61 silly addNameRange     '0.8.0',
61 silly addNameRange     '0.8.1',
61 silly addNameRange     '0.8.2',
61 silly addNameRange     '0.8.3',
61 silly addNameRange     '0.8.4' ] ]
62 verbose addNamed bcrypt@0.8.4
63 silly addNamed semver.valid 0.8.4
64 silly addNamed semver.validRange 0.8.4
65 silly cache afterAdd bcrypt@0.8.4
66 verbose afterAdd C:\Users\Peggy\AppData\Roaming\npm-cache\bcrypt\0.8.4\package\package.json not in flight; writing
67 verbose afterAdd C:\Users\Peggy\AppData\Roaming\npm-cache\bcrypt\0.8.4\package\package.json written
68 silly install resolved [ { name: 'bcrypt',
68 silly install resolved     description: 'A bcrypt library for NodeJS.',
68 silly install resolved     keywords:
68 silly install resolved      [ 'bcrypt',
68 silly install resolved        'password',
68 silly install resolved        'auth',
68 silly install resolved        'authentication',
68 silly install resolved        'encryption',
68 silly install resolved        'crypt',
68 silly install resolved        'crypto' ],
68 silly install resolved     main: './bcrypt',
68 silly install resolved     version: '0.8.4',
68 silly install resolved     author: { name: 'Nick Campbell', url: 'https://github.com/ncb000gt' },
68 silly install resolved     engines: { node: '>= 0.6.0' },
68 silly install resolved     repository:
68 silly install resolved      { type: 'git',
68 silly install resolved        url: 'git+https://github.com/ncb000gt/node.bcrypt.js.git' },
68 silly install resolved     license: 'MIT',
68 silly install resolved     bugs: { url: 'https://github.com/ncb000gt/node.bcrypt.js/issues' },
68 silly install resolved     scripts:
68 silly install resolved      { test: 'node-gyp configure build && nodeunit test',
68 silly install resolved        install: 'node-gyp rebuild' },
68 silly install resolved     dependencies: { bindings: '1.2.1', nan: '1.8.4' },
68 silly install resolved     devDependencies: { nodeunit: '~0.9.1' },
68 silly install resolved     contributors:
68 silly install resolved      [ [Object],
68 silly install resolved        [Object],
68 silly install resolved        [Object],
68 silly install resolved        [Object],
68 silly install resolved        [Object],
68 silly install resolved        [Object],
68 silly install resolved        [Object],
68 silly install resolved        [Object],
68 silly install resolved        [Object],
68 silly install resolved        [Object],
68 silly install resolved        [Object],
68 silly install resolved        [Object],
68 silly install resolved        [Object],
68 silly install resolved        [Object] ],
68 silly install resolved     gypfile: true,
68 silly install resolved     gitHead: '5ca168581369b2d75823b3000803d8edf94ae459',
68 silly install resolved     homepage: 'https://github.com/ncb000gt/node.bcrypt.js#readme',
68 silly install resolved     _id: 'bcrypt@0.8.4',
68 silly install resolved     _shasum: 'fabad077c91c484591a4a34778317ef56478126f',
68 silly install resolved     _from: 'bcrypt@>=0.8.4 <0.9.0',
68 silly install resolved     _npmVersion: '2.11.1',
68 silly install resolved     _nodeVersion: '0.10.38',
68 silly install resolved     _npmUser: { name: 'defunctzombie', email: 'shtylman@gmail.com' },
68 silly install resolved     dist:
68 silly install resolved      { shasum: 'fabad077c91c484591a4a34778317ef56478126f',
68 silly install resolved        tarball: 'http://registry.npmjs.org/bcrypt/-/bcrypt-0.8.4.tgz' },
68 silly install resolved     maintainers: [ [Object], [Object], [Object], [Object] ],
68 silly install resolved     directories: {},
68 silly install resolved     _resolved: 'https://registry.npmjs.org/bcrypt/-/bcrypt-0.8.4.tgz',
68 silly install resolved     readme: 'ERROR: No README data found!' } ]
69 info install bcrypt@0.8.4 into C:\Users\Peggy\Documents\safety-dance\safety-dance-project
70 info installOne bcrypt@0.8.4
71 verbose installOne of bcrypt to C:\Users\Peggy\Documents\safety-dance\safety-dance-project not in flight; installing
72 verbose lock using C:\Users\Peggy\AppData\Roaming\npm-cache\_locks\bcrypt-6f0c34e8abd60b6e.lock for C:\Users\Peggy\Documents\safety-dance\safety-dance-project\node_modules\bcrypt
73 silly install write writing bcrypt 0.8.4 to C:\Users\Peggy\Documents\safety-dance\safety-dance-project\node_modules\bcrypt
74 silly cache addNamed cb bcrypt@0.8.4
75 verbose unbuild node_modules\bcrypt
76 silly gentlyRm C:\Users\Peggy\Documents\safety-dance\safety-dance-project\node_modules\bcrypt is being purged from base C:\Users\Peggy\Documents\safety-dance\safety-dance-project
77 verbose gentlyRm don't care about contents; nuking C:\Users\Peggy\Documents\safety-dance\safety-dance-project\node_modules\bcrypt
78 verbose tar unpack C:\Users\Peggy\AppData\Roaming\npm-cache\bcrypt\0.8.4\package.tgz
79 verbose tar unpacking to C:\Users\Peggy\Documents\safety-dance\safety-dance-project\node_modules\bcrypt
80 silly gentlyRm C:\Users\Peggy\Documents\safety-dance\safety-dance-project\node_modules\bcrypt is being purged
81 verbose gentlyRm don't care about contents; nuking C:\Users\Peggy\Documents\safety-dance\safety-dance-project\node_modules\bcrypt
82 silly gunzTarPerm modes [ '777', '666' ]
83 silly gunzTarPerm extractEntry package.json
84 silly gunzTarPerm modified mode [ 'package.json', 420, 438 ]
85 silly gunzTarPerm extractEntry .npmignore
86 silly gunzTarPerm modified mode [ '.npmignore', 420, 438 ]
87 silly gunzTarPerm extractEntry README.md
88 silly gunzTarPerm modified mode [ 'README.md', 420, 438 ]
89 silly gunzTarPerm extractEntry LICENSE
90 silly gunzTarPerm modified mode [ 'LICENSE', 420, 438 ]
91 silly gunzTarPerm extractEntry bcrypt.js
92 silly gunzTarPerm modified mode [ 'bcrypt.js', 420, 438 ]
93 silly gunzTarPerm extractEntry binding.gyp
94 silly gunzTarPerm modified mode [ 'binding.gyp', 420, 438 ]
95 silly gunzTarPerm extractEntry .travis.yml
96 silly gunzTarPerm modified mode [ '.travis.yml', 420, 438 ]
97 silly gunzTarPerm extractEntry CHANGELOG.md
98 silly gunzTarPerm modified mode [ 'CHANGELOG.md', 420, 438 ]
99 silly gunzTarPerm extractEntry examples/async_compare.js
100 silly gunzTarPerm modified mode [ 'examples/async_compare.js', 420, 438 ]
101 silly gunzTarPerm extractEntry examples/forever_gen_salt.js
102 silly gunzTarPerm modified mode [ 'examples/forever_gen_salt.js', 420, 438 ]
103 silly gunzTarPerm extractEntry test/async.js
104 silly gunzTarPerm modified mode [ 'test/async.js', 420, 438 ]
105 silly gunzTarPerm extractEntry test/repetitions.js
106 silly gunzTarPerm modified mode [ 'test/repetitions.js', 420, 438 ]
107 silly gunzTarPerm extractEntry test/sync.js
108 silly gunzTarPerm modified mode [ 'test/sync.js', 420, 438 ]
109 silly gunzTarPerm extractEntry Makefile
110 silly gunzTarPerm modified mode [ 'Makefile', 420, 438 ]
111 silly gunzTarPerm extractEntry src/bcrypt.cc
112 silly gunzTarPerm modified mode [ 'src/bcrypt.cc', 420, 438 ]
113 silly gunzTarPerm extractEntry src/bcrypt_node.cc
114 silly gunzTarPerm modified mode [ 'src/bcrypt_node.cc', 420, 438 ]
115 silly gunzTarPerm extractEntry src/blowfish.cc
116 silly gunzTarPerm modified mode [ 'src/blowfish.cc', 420, 438 ]
117 silly gunzTarPerm extractEntry src/node_blf.h
118 silly gunzTarPerm modified mode [ 'src/node_blf.h', 420, 438 ]
119 silly gunzTarPerm extractEntry werker.yml
120 silly gunzTarPerm modified mode [ 'werker.yml', 420, 438 ]
121 info preinstall bcrypt@0.8.4
122 silly prepareForInstallMany adding bindings@1.2.1 from bcrypt dependencies
123 silly prepareForInstallMany adding nan@1.8.4 from bcrypt dependencies
124 silly cache add args [ 'bindings@1.2.1', null ]
125 verbose cache add spec bindings@1.2.1
126 silly cache add args [ 'nan@1.8.4', null ]
127 verbose cache add spec nan@1.8.4
128 silly cache add parsed spec { raw: 'bindings@1.2.1',
128 silly cache add   scope: null,
128 silly cache add   name: 'bindings',
128 silly cache add   rawSpec: '1.2.1',
128 silly cache add   spec: '1.2.1',
128 silly cache add   type: 'version' }
129 verbose addNamed bindings@1.2.1
130 silly addNamed semver.valid 1.2.1
131 silly addNamed semver.validRange 1.2.1
132 silly mapToRegistry name bindings
133 silly mapToRegistry using default registry
134 silly mapToRegistry registry https://registry.npmjs.org/
135 silly mapToRegistry uri https://registry.npmjs.org/bindings
136 verbose addNameVersion registry:https://registry.npmjs.org/bindings not in flight; fetching
137 silly cache add parsed spec { raw: 'nan@1.8.4',
137 silly cache add   scope: null,
137 silly cache add   name: 'nan',
137 silly cache add   rawSpec: '1.8.4',
137 silly cache add   spec: '1.8.4',
137 silly cache add   type: 'version' }
138 verbose addNamed nan@1.8.4
139 silly addNamed semver.valid 1.8.4
140 silly addNamed semver.validRange 1.8.4
141 silly mapToRegistry name nan
142 silly mapToRegistry using default registry
143 silly mapToRegistry registry https://registry.npmjs.org/
144 silly mapToRegistry uri https://registry.npmjs.org/nan
145 verbose addNameVersion registry:https://registry.npmjs.org/nan not in flight; fetching
146 verbose request uri https://registry.npmjs.org/bindings
147 verbose request no auth needed
148 info attempt registry request try #1 at 4:32:01 PM
149 verbose etag "BCS5XYG9ISNJFNKEL5FLOI5HX"
150 http request GET https://registry.npmjs.org/bindings
151 verbose request uri https://registry.npmjs.org/nan
152 verbose request no auth needed
153 info attempt registry request try #1 at 4:32:01 PM
154 verbose etag "9T2TEINHQE1CYR42PWQNCEY3X"
155 http request GET https://registry.npmjs.org/nan
156 http 304 https://registry.npmjs.org/bindings
157 silly get cb [ 304,
157 silly get   { date: 'Thu, 30 Jul 2015 23:32:09 GMT',
157 silly get     via: '1.1 varnish',
157 silly get     'cache-control': 'max-age=60',
157 silly get     etag: '"BCS5XYG9ISNJFNKEL5FLOI5HX"',
157 silly get     age: '13',
157 silly get     connection: 'keep-alive',
157 silly get     'x-served-by': 'cache-sjc3122-SJC',
157 silly get     'x-cache': 'HIT',
157 silly get     'x-cache-hits': '2',
157 silly get     'x-timer': 'S1438299129.912973,VS0,VE0',
157 silly get     vary: 'Accept' } ]
158 verbose etag https://registry.npmjs.org/bindings from cache
159 verbose get saving bindings to C:\Users\Peggy\AppData\Roaming\npm-cache\registry.npmjs.org\bindings\.cache.json
160 http 304 https://registry.npmjs.org/nan
161 silly get cb [ 304,
161 silly get   { date: 'Thu, 30 Jul 2015 23:32:09 GMT',
161 silly get     via: '1.1 varnish',
161 silly get     'cache-control': 'max-age=60',
161 silly get     etag: '"9T2TEINHQE1CYR42PWQNCEY3X"',
161 silly get     age: '58',
161 silly get     connection: 'keep-alive',
161 silly get     'x-served-by': 'cache-sjc3122-SJC',
161 silly get     'x-cache': 'HIT',
161 silly get     'x-cache-hits': '4',
161 silly get     'x-timer': 'S1438299129.913185,VS0,VE0',
161 silly get     vary: 'Accept' } ]
162 verbose etag https://registry.npmjs.org/nan from cache
163 verbose get saving nan to C:\Users\Peggy\AppData\Roaming\npm-cache\registry.npmjs.org\nan\.cache.json
164 silly cache afterAdd bindings@1.2.1
165 verbose afterAdd C:\Users\Peggy\AppData\Roaming\npm-cache\bindings\1.2.1\package\package.json not in flight; writing
166 silly cache afterAdd nan@1.8.4
167 verbose afterAdd C:\Users\Peggy\AppData\Roaming\npm-cache\nan\1.8.4\package\package.json not in flight; writing
168 verbose afterAdd C:\Users\Peggy\AppData\Roaming\npm-cache\bindings\1.2.1\package\package.json written
169 verbose afterAdd C:\Users\Peggy\AppData\Roaming\npm-cache\nan\1.8.4\package\package.json written
170 silly install resolved [ { name: 'bindings',
170 silly install resolved     description: 'Helper module for loading your native module\'s .node file',
170 silly install resolved     keywords: [ 'native', 'addon', 'bindings', 'gyp', 'waf', 'c', 'c++' ],
170 silly install resolved     version: '1.2.1',
170 silly install resolved     author:
170 silly install resolved      { name: 'Nathan Rajlich',
170 silly install resolved        email: 'nathan@tootallnate.net',
170 silly install resolved        url: 'http://tootallnate.net' },
170 silly install resolved     repository:
170 silly install resolved      { type: 'git',
170 silly install resolved        url: 'git://github.com/TooTallNate/node-bindings.git' },
170 silly install resolved     main: './bindings.js',
170 silly install resolved     bugs: { url: 'https://github.com/TooTallNate/node-bindings/issues' },
170 silly install resolved     homepage: 'https://github.com/TooTallNate/node-bindings',
170 silly install resolved     license: 'MIT',
170 silly install resolved     gitHead: 'e404152ee27f8478ccbc7122ee051246e8e5ec02',
170 silly install resolved     _id: 'bindings@1.2.1',
170 silly install resolved     scripts: {},
170 silly install resolved     _shasum: '14ad6113812d2d37d72e67b4cacb4bb726505f11',
170 silly install resolved     _from: 'bindings@1.2.1',
170 silly install resolved     _npmVersion: '1.4.14',
170 silly install resolved     _npmUser: { name: 'tootallnate', email: 'nathan@tootallnate.net' },
170 silly install resolved     maintainers: [ [Object], [Object] ],
170 silly install resolved     dist:
170 silly install resolved      { shasum: '14ad6113812d2d37d72e67b4cacb4bb726505f11',
170 silly install resolved        tarball: 'http://registry.npmjs.org/bindings/-/bindings-1.2.1.tgz' },
170 silly install resolved     directories: {},
170 silly install resolved     _resolved: 'https://registry.npmjs.org/bindings/-/bindings-1.2.1.tgz',
170 silly install resolved     readme: 'ERROR: No README data found!' },
170 silly install resolved   { name: 'nan',
170 silly install resolved     version: '1.8.4',
170 silly install resolved     description: 'Native Abstractions for Node.js: C++ header for Node 0.8->0.12 compatibility',
170 silly install resolved     main: 'include_dirs.js',
170 silly install resolved     repository: { type: 'git', url: 'git://github.com/iojs/nan.git' },
170 silly install resolved     scripts:
170 silly install resolved      { test: 'tap --gc test/js/*-test.js',
170 silly install resolved        'rebuild-tests': 'pangyp rebuild --directory test' },
170 silly install resolved     contributors:
170 silly install resolved      [ [Object],
170 silly install resolved        [Object],
170 silly install resolved        [Object],
170 silly install resolved        [Object],
170 silly install resolved        [Object],
170 silly install resolved        [Object],
170 silly install resolved        [Object] ],
170 silly install resolved     devDependencies:
170 silly install resolved      { bindings: '~1.2.1',
170 silly install resolved        'node-gyp': '~1.0.2',
170 silly install resolved        pangyp: '~2.0.1',
170 silly install resolved        tap: '~0.7.1',
170 silly install resolved        xtend: '~4.0.0' },
170 silly install resolved     license: 'MIT',
170 silly install resolved     gitHead: 'ed3bbf4ced0cf7937b4e4164766797f71aa97f3d',
170 silly install resolved     bugs: { url: 'https://github.com/iojs/nan/issues' },
170 silly install resolved     homepage: 'https://github.com/iojs/nan#readme',
170 silly install resolved     _id: 'nan@1.8.4',
170 silly install resolved     _shasum: '3c76b5382eab33e44b758d2813ca9d92e9342f34',
170 silly install resolved     _from: 'nan@1.8.4',
170 silly install resolved     _npmVersion: '2.8.3',
170 silly install resolved     _nodeVersion: '0.12.2',
170 silly install resolved     _npmUser: { name: 'kkoopa', email: 'bbyholm@abo.fi' },
170 silly install resolved     maintainers: [ [Object], [Object] ],
170 silly install resolved     dist:
170 silly install resolved      { shasum: '3c76b5382eab33e44b758d2813ca9d92e9342f34',
170 silly install resolved        tarball: 'http://registry.npmjs.org/nan/-/nan-1.8.4.tgz' },
170 silly install resolved     directories: {},
170 silly install resolved     _resolved: 'https://registry.npmjs.org/nan/-/nan-1.8.4.tgz',
170 silly install resolved     readme: 'ERROR: No README data found!' } ]
171 info install bindings@1.2.1 into C:\Users\Peggy\Documents\safety-dance\safety-dance-project\node_modules\bcrypt
172 info install nan@1.8.4 into C:\Users\Peggy\Documents\safety-dance\safety-dance-project\node_modules\bcrypt
173 info installOne bindings@1.2.1
174 verbose installOne of bindings to C:\Users\Peggy\Documents\safety-dance\safety-dance-project\node_modules\bcrypt not in flight; installing
175 info installOne nan@1.8.4
176 verbose installOne of nan to C:\Users\Peggy\Documents\safety-dance\safety-dance-project\node_modules\bcrypt not in flight; installing
177 verbose lock using C:\Users\Peggy\AppData\Roaming\npm-cache\_locks\nan-27b7d0b4b886c4fd.lock for C:\Users\Peggy\Documents\safety-dance\safety-dance-project\node_modules\bcrypt\node_modules\nan
178 verbose lock using C:\Users\Peggy\AppData\Roaming\npm-cache\_locks\bindings-77e438fab14cfe24.lock for C:\Users\Peggy\Documents\safety-dance\safety-dance-project\node_modules\bcrypt\node_modules\bindings
179 silly install write writing nan 1.8.4 to C:\Users\Peggy\Documents\safety-dance\safety-dance-project\node_modules\bcrypt\node_modules\nan
180 silly cache addNamed cb nan@1.8.4
181 verbose unbuild node_modules\bcrypt\node_modules\nan
182 silly install write writing bindings 1.2.1 to C:\Users\Peggy\Documents\safety-dance\safety-dance-project\node_modules\bcrypt\node_modules\bindings
183 silly cache addNamed cb bindings@1.2.1
184 verbose unbuild node_modules\bcrypt\node_modules\bindings
185 silly gentlyRm C:\Users\Peggy\Documents\safety-dance\safety-dance-project\node_modules\bcrypt\node_modules\nan is being purged from base C:\Users\Peggy\Documents\safety-dance\safety-dance-project
186 verbose gentlyRm don't care about contents; nuking C:\Users\Peggy\Documents\safety-dance\safety-dance-project\node_modules\bcrypt\node_modules\nan
187 silly gentlyRm C:\Users\Peggy\Documents\safety-dance\safety-dance-project\node_modules\bcrypt\node_modules\bindings is being purged from base C:\Users\Peggy\Documents\safety-dance\safety-dance-project
188 verbose gentlyRm don't care about contents; nuking C:\Users\Peggy\Documents\safety-dance\safety-dance-project\node_modules\bcrypt\node_modules\bindings
189 verbose tar unpack C:\Users\Peggy\AppData\Roaming\npm-cache\nan\1.8.4\package.tgz
190 verbose tar unpacking to C:\Users\Peggy\Documents\safety-dance\safety-dance-project\node_modules\bcrypt\node_modules\nan
191 silly gentlyRm C:\Users\Peggy\Documents\safety-dance\safety-dance-project\node_modules\bcrypt\node_modules\nan is being purged
192 verbose gentlyRm don't care about contents; nuking C:\Users\Peggy\Documents\safety-dance\safety-dance-project\node_modules\bcrypt\node_modules\nan
193 verbose tar unpack C:\Users\Peggy\AppData\Roaming\npm-cache\bindings\1.2.1\package.tgz
194 verbose tar unpacking to C:\Users\Peggy\Documents\safety-dance\safety-dance-project\node_modules\bcrypt\node_modules\bindings
195 silly gentlyRm C:\Users\Peggy\Documents\safety-dance\safety-dance-project\node_modules\bcrypt\node_modules\bindings is being purged
196 verbose gentlyRm don't care about contents; nuking C:\Users\Peggy\Documents\safety-dance\safety-dance-project\node_modules\bcrypt\node_modules\bindings
197 silly gunzTarPerm modes [ '777', '666' ]
198 silly gunzTarPerm modes [ '777', '666' ]
199 silly gunzTarPerm extractEntry package.json
200 silly gunzTarPerm modified mode [ 'package.json', 436, 438 ]
201 silly gunzTarPerm extractEntry package.json
202 silly gunzTarPerm modified mode [ 'package.json', 420, 438 ]
203 silly gunzTarPerm extractEntry README.md
204 silly gunzTarPerm modified mode [ 'README.md', 436, 438 ]
205 silly gunzTarPerm extractEntry README.md
206 silly gunzTarPerm modified mode [ 'README.md', 420, 438 ]
207 silly gunzTarPerm extractEntry bindings.js
208 silly gunzTarPerm modified mode [ 'bindings.js', 420, 438 ]
209 silly gunzTarPerm extractEntry include_dirs.js
210 silly gunzTarPerm modified mode [ 'include_dirs.js', 436, 438 ]
211 silly gunzTarPerm extractEntry LICENSE.md
212 silly gunzTarPerm modified mode [ 'LICENSE.md', 436, 438 ]
213 silly gunzTarPerm extractEntry .dntrc
214 silly gunzTarPerm modified mode [ '.dntrc', 436, 438 ]
215 silly gunzTarPerm extractEntry appveyor.yml
216 silly gunzTarPerm modified mode [ 'appveyor.yml', 436, 438 ]
217 silly gunzTarPerm extractEntry nan.h
218 silly gunzTarPerm modified mode [ 'nan.h', 436, 438 ]
219 silly gunzTarPerm extractEntry nan_implementation_12_inl.h
220 silly gunzTarPerm modified mode [ 'nan_implementation_12_inl.h', 436, 438 ]
221 info preinstall bindings@1.2.1
222 silly gunzTarPerm extractEntry nan_implementation_pre_12_inl.h
223 silly gunzTarPerm modified mode [ 'nan_implementation_pre_12_inl.h', 436, 438 ]
224 silly install resolved []
225 verbose about to build C:\Users\Peggy\Documents\safety-dance\safety-dance-project\node_modules\bcrypt\node_modules\bindings
226 info build C:\Users\Peggy\Documents\safety-dance\safety-dance-project\node_modules\bcrypt\node_modules\bindings
227 verbose linkStuff [ false,
227 verbose linkStuff   false,
227 verbose linkStuff   false,
227 verbose linkStuff   'C:\\Users\\Peggy\\Documents\\safety-dance\\safety-dance-project\\node_modules\\bcrypt\\node_modules' ]
228 info linkStuff bindings@1.2.1
229 verbose linkBins bindings@1.2.1
230 verbose linkMans bindings@1.2.1
231 verbose rebuildBundles bindings@1.2.1
232 info install bindings@1.2.1
233 info postinstall bindings@1.2.1
234 verbose unlock done using C:\Users\Peggy\AppData\Roaming\npm-cache\_locks\bindings-77e438fab14cfe24.lock for C:\Users\Peggy\Documents\safety-dance\safety-dance-project\node_modules\bcrypt\node_modules\bindings
235 silly gunzTarPerm extractEntry nan_new.h
236 silly gunzTarPerm modified mode [ 'nan_new.h', 436, 438 ]
237 silly gunzTarPerm extractEntry nan_string_bytes.h
238 silly gunzTarPerm modified mode [ 'nan_string_bytes.h', 436, 438 ]
239 silly gunzTarPerm extractEntry CHANGELOG.md
240 silly gunzTarPerm modified mode [ 'CHANGELOG.md', 436, 438 ]
241 info preinstall nan@1.8.4
242 silly install resolved []
243 verbose about to build C:\Users\Peggy\Documents\safety-dance\safety-dance-project\node_modules\bcrypt\node_modules\nan
244 info build C:\Users\Peggy\Documents\safety-dance\safety-dance-project\node_modules\bcrypt\node_modules\nan
245 verbose linkStuff [ false,
245 verbose linkStuff   false,
245 verbose linkStuff   false,
245 verbose linkStuff   'C:\\Users\\Peggy\\Documents\\safety-dance\\safety-dance-project\\node_modules\\bcrypt\\node_modules' ]
246 info linkStuff nan@1.8.4
247 verbose linkBins nan@1.8.4
248 verbose linkMans nan@1.8.4
249 verbose rebuildBundles nan@1.8.4
250 info install nan@1.8.4
251 info postinstall nan@1.8.4
252 verbose unlock done using C:\Users\Peggy\AppData\Roaming\npm-cache\_locks\nan-27b7d0b4b886c4fd.lock for C:\Users\Peggy\Documents\safety-dance\safety-dance-project\node_modules\bcrypt\node_modules\nan
253 verbose about to build C:\Users\Peggy\Documents\safety-dance\safety-dance-project\node_modules\bcrypt
254 info build C:\Users\Peggy\Documents\safety-dance\safety-dance-project\node_modules\bcrypt
255 verbose linkStuff [ false,
255 verbose linkStuff   false,
255 verbose linkStuff   false,
255 verbose linkStuff   'C:\\Users\\Peggy\\Documents\\safety-dance\\safety-dance-project\\node_modules' ]
256 info linkStuff bcrypt@0.8.4
257 verbose linkBins bcrypt@0.8.4
258 verbose linkMans bcrypt@0.8.4
259 verbose rebuildBundles bcrypt@0.8.4
260 verbose rebuildBundles [ 'bindings', 'nan' ]
261 info install bcrypt@0.8.4
262 verbose unsafe-perm in lifecycle true
263 info bcrypt@0.8.4 Failed to exec install script
264 verbose unlock done using C:\Users\Peggy\AppData\Roaming\npm-cache\_locks\bcrypt-6f0c34e8abd60b6e.lock for C:\Users\Peggy\Documents\safety-dance\safety-dance-project\node_modules\bcrypt
265 verbose stack Error: bcrypt@0.8.4 install: `node-gyp rebuild`
265 verbose stack Exit status 1
265 verbose stack     at EventEmitter.<anonymous> (C:\Program Files\nodejs\node_modules\npm\lib\utils\lifecycle.js:213:16)
265 verbose stack     at EventEmitter.emit (events.js:110:17)
265 verbose stack     at ChildProcess.<anonymous> (C:\Program Files\nodejs\node_modules\npm\lib\utils\spawn.js:14:12)
265 verbose stack     at ChildProcess.emit (events.js:110:17)
265 verbose stack     at maybeClose (child_process.js:1015:16)
265 verbose stack     at Process.ChildProcess._handle.onexit (child_process.js:1087:5)
266 verbose pkgid bcrypt@0.8.4
267 verbose cwd C:\Users\Peggy\Documents\safety-dance\safety-dance-project
268 error Windows_NT 6.3.9600
269 error argv "C:\\Program Files\\nodejs\\\\node.exe" "C:\\Program Files\\nodejs\\node_modules\\npm\\bin\\npm-cli.js" "install"
270 error node v0.12.2
271 error npm  v2.7.4
272 error code ELIFECYCLE
273 error bcrypt@0.8.4 install: `node-gyp rebuild`
273 error Exit status 1
274 error Failed at the bcrypt@0.8.4 install script 'node-gyp rebuild'.
274 error This is most likely a problem with the bcrypt package,
274 error not with npm itself.
274 error Tell the author that this fails on your system:
274 error     node-gyp rebuild
274 error You can get their info via:
274 error     npm owner ls bcrypt
274 error There is likely additional logging output above.
275 verbose exit [ 1, true ]
276 verbose unbuild node_modules\bcrypt
277 info preuninstall bcrypt@0.8.4
278 info uninstall bcrypt@0.8.4
279 verbose unbuild rmStuff bcrypt@0.8.4 from C:\Users\Peggy\Documents\safety-dance\safety-dance-project\node_modules
280 info postuninstall bcrypt@0.8.4
281 silly gentlyRm C:\Users\Peggy\Documents\safety-dance\safety-dance-project\node_modules\bcrypt is being purged from base C:\Users\Peggy\Documents\safety-dance\safety-dance-project
282 verbose gentlyRm don't care about contents; nuking C:\Users\Peggy\Documents\safety-dance\safety-dance-project\node_modules\bcrypt
283 silly vacuum-fs purging C:\Users\Peggy\Documents\safety-dance\safety-dance-project\node_modules\bcrypt
284 silly vacuum-fs quitting because other entries in C:\Users\Peggy\Documents\safety-dance\safety-dance-project\node_modules
